#
# A fatal error has been detected by the Java Runtime Environment:
#
#  EXCEPTION_ACCESS_VIOLATION (0xc0000005) at pc=0x54c5cbd2, pid=9800, tid=0x00001374
#
# JRE version: Java(TM) SE Runtime Environment (8.0_151-b12) (build 1.8.0_151-b12)
# Java VM: Java HotSpot(TM) Client VM (25.151-b12 mixed mode windows-x86 )
# Problematic frame:
# V  [jvm.dll+0x15cbd2]
#
# Failed to write core dump. Minidumps are not enabled by default on client versions of Windows
#
# If you would like to submit a bug report, please visit:
#   http://bugreport.java.com/bugreport/crash.jsp
#

---------------  T H R E A D  ---------------

Current thread (0x16e99400):  JavaThread "RMI TCP Connection(172)-172.27.158.29" daemon [_thread_in_vm, id=4980, stack(0x00d10000,0x00d60000)]

siginfo: ExceptionCode=0xc0000005, writing address 0x00000004

Registers:
EAX=0x00000000, EBX=0x027b3a98, ECX=0x00000000, EDX=0x00000000
ESP=0x00d5e37c, EBP=0x16e99400, ESI=0x16e99400, EDI=0x15a2e698
EIP=0x54c5cbd2, EFLAGS=0x00010246

Top of Stack: (sp=0x00d5e37c)
0x00d5e37c:   54b50c03 15a2e698 16e99400 0000002e
0x00d5e38c:   54b490f0 0274afa8 02bb0e58 00d5e40c
0x00d5e39c:   00d5e3b0 e208b955 00000010 1b8ff961
0x00d5e3ac:   00004388 16e99400 16c9fd38 00d5e40c
0x00d5e3bc:   16e99400 0282c8e8 00000000 16c9fd38
0x00d5e3cc:   000000a0 6becebea 000000a0 6becebea
0x00d5e3dc:   00000000 0000e414 00d5e418 54b52030
0x00d5e3ec:   15a2e698 16c9fd38 00000000 00e99400 

Instructions: (pc=0x54c5cbd2)
0x54c5cbb2:   ff 85 c0 74 08 89 7e 04 5f b0 01 5e c3 5f 32 c0
0x54c5cbc2:   5e c3 cc cc cc cc cc cc cc cc cc cc cc cc 33 c0
0x54c5cbd2:   89 41 04 8a 51 18 84 d2 74 04 88 41 18 c3 50 e8
0x54c5cbe2:   1a fc ff ff c3 cc cc cc cc cc cc cc cc cc 57 8b 


Register to memory mapping:

EAX=0x00000000 is an unknown value
EBX=0x027b3a98 is an unknown value
ECX=0x00000000 is an unknown value
EDX=0x00000000 is an unknown value
ESP=0x00d5e37c is pointing into the stack for thread: 0x16e99400
EBP=0x16e99400 is a thread
ESI=0x16e99400 is a thread
EDI=0x15a2e698 is an unknown value


Stack: [0x00d10000,0x00d60000],  sp=0x00d5e37c,  free space=312k
Native frames: (J=compiled Java code, j=interpreted, Vv=VM code, C=native code)
V  [jvm.dll+0x15cbd2]

Java frames: (J=compiled Java code, j=interpreted, Vv=VM code)
J 712  java.lang.Class.forName0(Ljava/lang/String;ZLjava/lang/ClassLoader;Ljava/lang/Class;)Ljava/lang/Class; (0 bytes) @ 0x02baa3e0 [0x02baa360+0x80]
J 743 C1 java.lang.Class.forName(Ljava/lang/String;ZLjava/lang/ClassLoader;)Ljava/lang/Class; (53 bytes) @ 0x02bb0e58 [0x02bb0d70+0xe8]
J 1954 C1 com.sun.beans.finder.ClassFinder.findClass(Ljava/lang/String;)Ljava/lang/Class; (43 bytes) @ 0x02d960e8 [0x02d95ea0+0x248]
J 2092 C1 java.beans.Introspector.findCustomizerClass(Ljava/lang/Class;)Ljava/lang/Class; (58 bytes) @ 0x02dce6ec [0x02dce3f0+0x2fc]
J 2091 C1 java.beans.Introspector.getTargetBeanDescriptor()Ljava/beans/BeanDescriptor; (42 bytes) @ 0x02dce0bc [0x02dce020+0x9c]
J 2090 C1 java.beans.Introspector.getBeanInfo()Ljava/beans/BeanInfo; (54 bytes) @ 0x02dcdc68 [0x02dcdc40+0x28]
J 2089 C1 java.beans.Introspector.getBeanInfo(Ljava/lang/Class;Ljava/lang/Class;I)Ljava/beans/BeanInfo; (33 bytes) @ 0x02dcd9ac [0x02dcd920+0x8c]
J 1723 C1 shared.copyclass.copy(Ljava/lang/Object;Ljava/lang/Object;)V (171 bytes) @ 0x02d36848 [0x02d36810+0x38]
J 2214 C1 server.Data.pub.publicDB.findAll(I)Ljava/util/List; (118 bytes) @ 0x02af2e10 [0x02af2cc0+0x150]
j  server.RMIservice.DataRemoteObject.findAll(I)Ljava/util/List;+5
j  sun.reflect.GeneratedMethodAccessor74.invoke(Ljava/lang/Object;[Ljava/lang/Object;)Ljava/lang/Object;+114
J 860 C1 sun.reflect.DelegatingMethodAccessorImpl.invoke(Ljava/lang/Object;[Ljava/lang/Object;)Ljava/lang/Object; (10 bytes) @ 0x02bdbfc0 [0x02bdbf90+0x30]
J 859 C1 java.lang.reflect.Method.invoke(Ljava/lang/Object;[Ljava/lang/Object;)Ljava/lang/Object; (62 bytes) @ 0x02bdbcd4 [0x02bdbc00+0xd4]
j  sun.rmi.server.UnicastServerRef.dispatch(Ljava/rmi/Remote;Ljava/rmi/server/RemoteCall;)V+231
j  sun.rmi.transport.Transport$1.run()Ljava/lang/Void;+23
j  sun.rmi.transport.Transport$1.run()Ljava/lang/Object;+1
v  ~StubRoutines::call_stub
J 305  java.security.AccessController.doPrivileged(Ljava/security/PrivilegedExceptionAction;Ljava/security/AccessControlContext;)Ljava/lang/Object; (0 bytes) @ 0x02b0f287 [0x02b0f220+0x67]
j  sun.rmi.transport.Transport.serviceCall(Ljava/rmi/server/RemoteCall;)Z+157
j  sun.rmi.transport.tcp.TCPTransport.handleMessages(Lsun/rmi/transport/Connection;Z)V+185
j  sun.rmi.transport.tcp.TCPTransport$ConnectionHandler.run0()V+680
j  sun.rmi.transport.tcp.TCPTransport$ConnectionHandler.lambda$run$0()Ljava/lang/Void;+1
j  sun.rmi.transport.tcp.TCPTransport$ConnectionHandler$$Lambda$26.run()Ljava/lang/Object;+4
v  ~StubRoutines::call_stub
J 954  java.security.AccessController.doPrivileged(Ljava/security/PrivilegedAction;Ljava/security/AccessControlContext;)Ljava/lang/Object; (0 bytes) @ 0x02bf8e47 [0x02bf8de0+0x67]
j  sun.rmi.transport.tcp.TCPTransport$ConnectionHandler.run()V+58
J 4075 C1 java.util.concurrent.ThreadPoolExecutor.runWorker(Ljava/util/concurrent/ThreadPoolExecutor$Worker;)V (225 bytes) @ 0x02c920a0 [0x02c91ea0+0x200]
j  java.util.concurrent.ThreadPoolExecutor$Worker.run()V+5
j  java.lang.Thread.run()V+11
v  ~StubRoutines::call_stub

---------------  P R O C E S S  ---------------

Java Threads: ( => current thread )
=>0x16e99400 JavaThread "RMI TCP Connection(172)-172.27.158.29" daemon [_thread_in_vm, id=4980, stack(0x00d10000,0x00d60000)]
  0x16e96800 JavaThread "RMI TCP Connection(171)-172.27.158.29" daemon [_thread_in_native, id=13172, stack(0x00c80000,0x00cd0000)]
  0x16e97c00 JavaThread "DestroyJavaVM" [_thread_blocked, id=11760, stack(0x02670000,0x026c0000)]
  0x15d05c00 JavaThread "RMI RenewClean-[172.26.71.52:54194]" daemon [_thread_blocked, id=11148, stack(0x18740000,0x18790000)]
  0x15d05400 JavaThread "RMI Scheduler(0)" daemon [_thread_blocked, id=11804, stack(0x186b0000,0x18700000)]
  0x15d04800 JavaThread "RMI TCP Accept-8886" daemon [_thread_in_native, id=1920, stack(0x18590000,0x185e0000)]
  0x16cb0800 JavaThread "pool-1-thread-1" [_thread_blocked, id=6520, stack(0x17f00000,0x17f50000)]
  0x15ddcc00 JavaThread "Abandoned connection cleanup thread" daemon [_thread_blocked, id=7732, stack(0x16b10000,0x16b60000)]
  0x159d2000 JavaThread "GC Daemon" daemon [_thread_blocked, id=11056, stack(0x16380000,0x163d0000)]
  0x159d1800 JavaThread "RMI Reaper" [_thread_blocked, id=9796, stack(0x162f0000,0x16340000)]
  0x1596f400 JavaThread "RMI TCP Accept-0" daemon [_thread_in_native, id=10728, stack(0x16260000,0x162b0000)]
  0x158c9400 JavaThread "Service Thread" daemon [_thread_blocked, id=9564, stack(0x16140000,0x16190000)]
  0x15878c00 JavaThread "C1 CompilerThread0" daemon [_thread_blocked, id=11872, stack(0x160b0000,0x16100000)]
  0x1580e400 JavaThread "Monitor Ctrl-Break" daemon [_thread_in_native, id=12024, stack(0x16020000,0x16070000)]
  0x14f2ec00 JavaThread "Attach Listener" daemon [_thread_blocked, id=3088, stack(0x15390000,0x153e0000)]
  0x14f59400 JavaThread "Signal Dispatcher" daemon [_thread_blocked, id=11656, stack(0x15300000,0x15350000)]
  0x14f10000 JavaThread "Finalizer" daemon [_thread_blocked, id=9460, stack(0x15210000,0x15260000)]
  0x14efa400 JavaThread "Reference Handler" daemon [_thread_blocked, id=5676, stack(0x15180000,0x151d0000)]

Other Threads:
  0x14ef4400 VMThread [stack: 0x150f0000,0x15140000] [id=8008]
  0x1591cc00 WatcherThread [stack: 0x161d0000,0x16220000] [id=10720]

VM state:not at safepoint (normal execution)

VM Mutex/Monitor currently owned by a thread:  ([mutex/lock_event])
[0x0282c8e8] SystemDictionary_lock - owner thread: 0x16e99400

Heap:
 def new generation   total 7744K, used 5698K [0x04a00000, 0x05260000, 0x09f50000)
  eden space 6912K,  82% used [0x04a00000, 0x04f89048, 0x050c0000)
  from space 832K,   3% used [0x050c0000, 0x050c7860, 0x05190000)
  to   space 832K,   0% used [0x05190000, 0x05190000, 0x05260000)
 tenured generation   total 17084K, used 8980K [0x09f50000, 0x0afff000, 0x14a00000)
   the space 17084K,  52% used [0x09f50000, 0x0a8150a0, 0x0a815200, 0x0afff000)
 Metaspace       used 22442K, capacity 23029K, committed 23296K, reserved 23936K

Card table byte_map: [0x14a00000,0x14a90000] byte_map_base: 0x149db000

Polling page: 0x00580000

CodeCache: size=32768Kb used=2010Kb max_used=3903Kb free=30757Kb
 bounds [0x02a00000, 0x02dd8000, 0x04a00000]
 total_blobs=955 nmethods=747 adapters=139
 compilation: enabled

Compilation events (10 events):
Event: 33828.896 Thread 0x15878c00 4457             org.hibernate.persister.entity.AbstractEntityPersister::getPropertyNames (8 bytes)
Event: 33828.896 Thread 0x15878c00 nmethod 4457 0x02d23808 code [0x02d23900, 0x02d23990]
Event: 33828.925 Thread 0x15878c00 4458             org.hibernate.tuple.entity.AbstractEntityTuplizer::getEntityMetamodel (5 bytes)
Event: 33828.925 Thread 0x15878c00 nmethod 4458 0x02d1ba48 code [0x02d1bb40, 0x02d1bbc0]
Event: 33828.931 Thread 0x15878c00 4459             org.hibernate.internal.SessionFactoryImpl::isClosed (5 bytes)
Event: 33828.931 Thread 0x15878c00 nmethod 4459 0x02d35808 code [0x02d35900, 0x02d35980]
Event: 33828.931 Thread 0x15878c00 4460             org.hibernate.internal.AbstractSharedSessionContract::isClosed (23 bytes)
Event: 33828.931 Thread 0x15878c00 nmethod 4460 0x02d38908 code [0x02d38a00, 0x02d38ac0]
Event: 33829.006 Thread 0x15878c00 4461             oracle.jdbc.driver.BufferCache::bufferIndex (32 bytes)
Event: 33829.006 Thread 0x15878c00 nmethod 4461 0x02d386c8 code [0x02d387c0, 0x02d38880]

GC Heap History (10 events):
Event: 33828.785 GC heap before
{Heap before GC invocations=1042 (full 12):
 def new generation   total 7744K, used 6930K [0x04a00000, 0x05260000, 0x09f50000)
  eden space 6912K, 100% used [0x04a00000, 0x050c0000, 0x050c0000)
  from space 832K,   2% used [0x05190000, 0x05194928, 0x05260000)
  to   space 832K,   0% used [0x050c0000, 0x050c0000, 0x05190000)
 tenured generation   total 17084K, used 8980K [0x09f50000, 0x0afff000, 0x14a00000)
   the space 17084K,  52% used [0x09f50000, 0x0a815070, 0x0a815200, 0x0afff000)
 Metaspace       used 22442K, capacity 23029K, committed 23296K, reserved 23936K
Event: 33828.786 GC heap after
Heap after GC invocations=1043 (full 12):
 def new generation   total 7744K, used 29K [0x04a00000, 0x05260000, 0x09f50000)
  eden space 6912K,   0% used [0x04a00000, 0x04a00000, 0x050c0000)
  from space 832K,   3% used [0x050c0000, 0x050c7540, 0x05190000)
  to   space 832K,   0% used [0x05190000, 0x05190000, 0x05260000)
 tenured generation   total 17084K, used 8980K [0x09f50000, 0x0afff000, 0x14a00000)
   the space 17084K,  52% used [0x09f50000, 0x0a815070, 0x0a815200, 0x0afff000)
 Metaspace       used 22442K, capacity 23029K, committed 23296K, reserved 23936K
}
Event: 33828.834 GC heap before
{Heap before GC invocations=1043 (full 12):
 def new generation   total 7744K, used 6941K [0x04a00000, 0x05260000, 0x09f50000)
  eden space 6912K, 100% used [0x04a00000, 0x050c0000, 0x050c0000)
  from space 832K,   3% used [0x050c0000, 0x050c7540, 0x05190000)
  to   space 832K,   0% used [0x05190000, 0x05190000, 0x05260000)
 tenured generation   total 17084K, used 8980K [0x09f50000, 0x0afff000, 0x14a00000)
   the space 17084K,  52% used [0x09f50000, 0x0a815070, 0x0a815200, 0x0afff000)
 Metaspace       used 22442K, capacity 23029K, committed 23296K, reserved 23936K
Event: 33828.835 GC heap after
Heap after GC invocations=1044 (full 12):
 def new generation   total 7744K, used 30K [0x04a00000, 0x05260000, 0x09f50000)
  eden space 6912K,   0% used [0x04a00000, 0x04a00000, 0x050c0000)
  from space 832K,   3% used [0x05190000, 0x05197860, 0x05260000)
  to   space 832K,   0% used [0x050c0000, 0x050c0000, 0x05190000)
 tenured generation   total 17084K, used 8980K [0x09f50000, 0x0afff000, 0x14a00000)
   the space 17084K,  52% used [0x09f50000, 0x0a815070, 0x0a815200, 0x0afff000)
 Metaspace       used 22442K, capacity 23029K, committed 23296K, reserved 23936K
}
Event: 33828.882 GC heap before
{Heap before GC invocations=1044 (full 12):
 def new generation   total 7744K, used 6942K [0x04a00000, 0x05260000, 0x09f50000)
  eden space 6912K, 100% used [0x04a00000, 0x050c0000, 0x050c0000)
  from space 832K,   3% used [0x05190000, 0x05197860, 0x05260000)
  to   space 832K,   0% used [0x050c0000, 0x050c0000, 0x05190000)
 tenured generation   total 17084K, used 8980K [0x09f50000, 0x0afff000, 0x14a00000)
   the space 17084K,  52% used [0x09f50000, 0x0a815070, 0x0a815200, 0x0afff000)
 Metaspace       used 22442K, capacity 23029K, committed 23296K, reserved 23936K
Event: 33828.883 GC heap after
Heap after GC invocations=1045 (full 12):
 def new generation   total 7744K, used 30K [0x04a00000, 0x05260000, 0x09f50000)
  eden space 6912K,   0% used [0x04a00000, 0x04a00000, 0x050c0000)
  from space 832K,   3% used [0x050c0000, 0x050c79b8, 0x05190000)
  to   space 832K,   0% used [0x05190000, 0x05190000, 0x05260000)
 tenured generation   total 17084K, used 8980K [0x09f50000, 0x0afff000, 0x14a00000)
   the space 17084K,  52% used [0x09f50000, 0x0a815070, 0x0a815200, 0x0afff000)
 Metaspace       used 22442K, capacity 23029K, committed 23296K, reserved 23936K
}
Event: 33828.934 GC heap before
{Heap before GC invocations=1045 (full 12):
 def new generation   total 7744K, used 6942K [0x04a00000, 0x05260000, 0x09f50000)
  eden space 6912K, 100% used [0x04a00000, 0x050c0000, 0x050c0000)
  from space 832K,   3% used [0x050c0000, 0x050c79b8, 0x05190000)
  to   space 832K,   0% used [0x05190000, 0x05190000, 0x05260000)
 tenured generation   total 17084K, used 8980K [0x09f50000, 0x0afff000, 0x14a00000)
   the space 17084K,  52% used [0x09f50000, 0x0a815070, 0x0a815200, 0x0afff000)
 Metaspace       used 22442K, capacity 23029K, committed 23296K, reserved 23936K
Event: 33828.936 GC heap after
Heap after GC invocations=1046 (full 12):
 def new generation   total 7744K, used 30K [0x04a00000, 0x05260000, 0x09f50000)
  eden space 6912K,   0% used [0x04a00000, 0x04a00000, 0x050c0000)
  from space 832K,   3% used [0x05190000, 0x05197818, 0x05260000)
  to   space 832K,   0% used [0x050c0000, 0x050c0000, 0x05190000)
 tenured generation   total 17084K, used 8980K [0x09f50000, 0x0afff000, 0x14a00000)
   the space 17084K,  52% used [0x09f50000, 0x0a815080, 0x0a815200, 0x0afff000)
 Metaspace       used 22442K, capacity 23029K, committed 23296K, reserved 23936K
}
Event: 33828.982 GC heap before
{Heap before GC invocations=1046 (full 12):
 def new generation   total 7744K, used 6942K [0x04a00000, 0x05260000, 0x09f50000)
  eden space 6912K, 100% used [0x04a00000, 0x050c0000, 0x050c0000)
  from space 832K,   3% used [0x05190000, 0x05197818, 0x05260000)
  to   space 832K,   0% used [0x050c0000, 0x050c0000, 0x05190000)
 tenured generation   total 17084K, used 8980K [0x09f50000, 0x0afff000, 0x14a00000)
   the space 17084K,  52% used [0x09f50000, 0x0a815080, 0x0a815200, 0x0afff000)
 Metaspace       used 22442K, capacity 23029K, committed 23296K, reserved 23936K
Event: 33828.983 GC heap after
Heap after GC invocations=1047 (full 12):
 def new generation   total 7744K, used 30K [0x04a00000, 0x05260000, 0x09f50000)
  eden space 6912K,   0% used [0x04a00000, 0x04a00000, 0x050c0000)
  from space 832K,   3% used [0x050c0000, 0x050c7860, 0x05190000)
  to   space 832K,   0% used [0x05190000, 0x05190000, 0x05260000)
 tenured generation   total 17084K, used 8980K [0x09f50000, 0x0afff000, 0x14a00000)
   the space 17084K,  52% used [0x09f50000, 0x0a8150a0, 0x0a815200, 0x0afff000)
 Metaspace       used 22442K, capacity 23029K, committed 23296K, reserved 23936K
}

Deoptimization events (0 events):
No events

Internal exceptions (10 events):
Event: 33829.012 Thread 0x16e99400 Exception <a 'java/lang/ClassNotFoundException': server/Po/goodsPOCustomizer> (0x04d80f38) thrown at [C:\workspace\8-2-build-windows-i586-cygwin\jdk8u151\9699\hotspot\src\share\vm\classfile\systemDictionary.cpp, line 210]
Event: 33829.013 Thread 0x16e99400 Exception <a 'java/lang/ClassNotFoundException': server/hibernateEntities/GoodsEntityBeanInfo> (0x04dc43e0) thrown at [C:\workspace\8-2-build-windows-i586-cygwin\jdk8u151\9699\hotspot\src\share\vm\classfile\systemDictionary.cpp, line 210]
Event: 33829.015 Thread 0x16e99400 Exception <a 'java/lang/ClassNotFoundException': server/hibernateEntities/GoodsEntityCustomizer> (0x04df3698) thrown at [C:\workspace\8-2-build-windows-i586-cygwin\jdk8u151\9699\hotspot\src\share\vm\classfile\systemDictionary.cpp, line 210]
Event: 33829.016 Thread 0x16e99400 Exception <a 'java/lang/ClassNotFoundException': server/Po/goodsPOBeanInfo> (0x04e318a8) thrown at [C:\workspace\8-2-build-windows-i586-cygwin\jdk8u151\9699\hotspot\src\share\vm\classfile\systemDictionary.cpp, line 210]
Event: 33829.017 Thread 0x16e99400 Exception <a 'java/lang/ClassNotFoundException': server/Po/goodsPOCustomizer> (0x04e56458) thrown at [C:\workspace\8-2-build-windows-i586-cygwin\jdk8u151\9699\hotspot\src\share\vm\classfile\systemDictionary.cpp, line 210]
Event: 33829.018 Thread 0x16e99400 Exception <a 'java/lang/ClassNotFoundException': server/hibernateEntities/GoodsEntityBeanInfo> (0x04e998e0) thrown at [C:\workspace\8-2-build-windows-i586-cygwin\jdk8u151\9699\hotspot\src\share\vm\classfile\systemDictionary.cpp, line 210]
Event: 33829.019 Thread 0x16e99400 Exception <a 'java/lang/ClassNotFoundException': server/hibernateEntities/GoodsEntityCustomizer> (0x04ec8b28) thrown at [C:\workspace\8-2-build-windows-i586-cygwin\jdk8u151\9699\hotspot\src\share\vm\classfile\systemDictionary.cpp, line 210]
Event: 33829.020 Thread 0x16e99400 Exception <a 'java/lang/ClassNotFoundException': server/Po/goodsPOBeanInfo> (0x04f06d90) thrown at [C:\workspace\8-2-build-windows-i586-cygwin\jdk8u151\9699\hotspot\src\share\vm\classfile\systemDictionary.cpp, line 210]
Event: 33829.021 Thread 0x16e99400 Exception <a 'java/lang/ClassNotFoundException': server/Po/goodsPOCustomizer> (0x04f2b950) thrown at [C:\workspace\8-2-build-windows-i586-cygwin\jdk8u151\9699\hotspot\src\share\vm\classfile\systemDictionary.cpp, line 210]
Event: 33829.023 Thread 0x16e99400 Exception <a 'java/lang/ClassNotFoundException': server/hibernateEntities/GoodsEntityBeanInfo> (0x04f6eea0) thrown at [C:\workspace\8-2-build-windows-i586-cygwin\jdk8u151\9699\hotspot\src\share\vm\classfile\systemDictionary.cpp, line 210]

Events (10 events):
Event: 33829.021 loading class server/Po/goodsPOCustomizer
Event: 33829.021 loading class server/Po/goodsPOCustomizer done
Event: 33829.022 loading class server/hibernateEntities/GoodsEntityBeanInfo
Event: 33829.022 loading class server/hibernateEntities/GoodsEntityBeanInfo done
Event: 33829.022 loading class server/hibernateEntities/GoodsEntityBeanInfo
Event: 33829.022 loading class server/hibernateEntities/GoodsEntityBeanInfo done
Event: 33829.023 loading class server/hibernateEntities/GoodsEntityBeanInfo
Event: 33829.023 loading class server/hibernateEntities/GoodsEntityBeanInfo done
Event: 33829.023 loading class server/hibernateEntities/GoodsEntityCustomizer
Event: 33829.023 loading class server/hibernateEntities/GoodsEntityCustomizer done


Dynamic libraries:
0x002a0000 - 0x002d3000 	F:\jdk\bin\java.exe
0x76ff0000 - 0x7717e000 	C:\WINDOWS\SYSTEM32\ntdll.dll
0x76070000 - 0x76140000 	C:\WINDOWS\System32\KERNEL32.DLL
0x76140000 - 0x76302000 	C:\WINDOWS\System32\KERNELBASE.dll
0x63960000 - 0x639f3000 	C:\WINDOWS\SYSTEM32\apphelp.dll
0x75a00000 - 0x75a77000 	C:\WINDOWS\System32\ADVAPI32.dll
0x76c50000 - 0x76d0d000 	C:\WINDOWS\System32\msvcrt.dll
0x767e0000 - 0x76821000 	C:\WINDOWS\System32\sechost.dll
0x76710000 - 0x767d0000 	C:\WINDOWS\System32\RPCRT4.dll
0x73ac0000 - 0x73ae0000 	C:\WINDOWS\System32\SspiCli.dll
0x73ab0000 - 0x73aba000 	C:\WINDOWS\System32\CRYPTBASE.dll
0x76b70000 - 0x76bc7000 	C:\WINDOWS\System32\bcryptPrimitives.dll
0x765a0000 - 0x766dc000 	C:\WINDOWS\System32\USER32.dll
0x764f0000 - 0x76506000 	C:\WINDOWS\System32\win32u.dll
0x766e0000 - 0x76701000 	C:\WINDOWS\System32\GDI32.dll
0x76830000 - 0x76988000 	C:\WINDOWS\System32\gdi32full.dll
0x76bd0000 - 0x76c49000 	C:\WINDOWS\System32\msvcp_win.dll
0x758e0000 - 0x759f8000 	C:\WINDOWS\System32\ucrtbase.dll
0x6fd60000 - 0x6ff6e000 	C:\WINDOWS\WinSxS\x86_microsoft.windows.common-controls_6595b64144ccf1df_6.0.15063.483_none_6dad63fefc436da8\COMCTL32.dll
0x75570000 - 0x757a8000 	C:\WINDOWS\System32\combase.dll
0x754f0000 - 0x75515000 	C:\WINDOWS\System32\IMM32.DLL
0x55980000 - 0x55a3f000 	F:\jdk\jre\bin\msvcr100.dll
0x54b00000 - 0x54ece000 	F:\jdk\jre\bin\client\jvm.dll
0x73c50000 - 0x73c56000 	C:\WINDOWS\System32\PSAPI.DLL
0x70480000 - 0x70488000 	C:\WINDOWS\SYSTEM32\WSOCK32.dll
0x75060000 - 0x750c7000 	C:\WINDOWS\System32\WS2_32.dll
0x72820000 - 0x72844000 	C:\WINDOWS\SYSTEM32\WINMM.dll
0x73850000 - 0x73858000 	C:\WINDOWS\SYSTEM32\VERSION.dll
0x723f0000 - 0x72413000 	C:\WINDOWS\SYSTEM32\WINMMBASE.dll
0x73c60000 - 0x73c99000 	C:\WINDOWS\System32\cfgmgr32.dll
0x5db70000 - 0x5db7c000 	F:\jdk\jre\bin\verify.dll
0x5a140000 - 0x5a161000 	F:\jdk\jre\bin\java.dll
0x5a120000 - 0x5a140000 	F:\jdk\jre\bin\instrument.dll
0x5acf0000 - 0x5ad04000 	F:\jdk\jre\bin\zip.dll
0x73d00000 - 0x75048000 	C:\WINDOWS\System32\SHELL32.dll
0x76510000 - 0x7659c000 	C:\WINDOWS\System32\shcore.dll
0x75ae0000 - 0x76067000 	C:\WINDOWS\System32\windows.storage.dll
0x73cb0000 - 0x73cf5000 	C:\WINDOWS\System32\shlwapi.dll
0x767d0000 - 0x767de000 	C:\WINDOWS\System32\kernel.appcore.dll
0x75520000 - 0x75565000 	C:\WINDOWS\System32\powrprof.dll
0x76dc0000 - 0x76dd0000 	C:\WINDOWS\System32\profapi.dll
0x5a100000 - 0x5a116000 	F:\idea\IntelliJ IDEA 2017.3.1\bin\breakgen.dll
0x5a0e0000 - 0x5a0f6000 	F:\jdk\jre\bin\net.dll
0x70430000 - 0x7047e000 	C:\WINDOWS\system32\mswsock.dll
0x70fe0000 - 0x70ff3000 	C:\WINDOWS\SYSTEM32\CRYPTSP.dll
0x70fb0000 - 0x70fdf000 	C:\WINDOWS\system32\rsaenh.dll
0x723c0000 - 0x723d8000 	C:\WINDOWS\SYSTEM32\bcrypt.dll
0x728d0000 - 0x728f2000 	C:\WINDOWS\SYSTEM32\USERENV.dll
0x72880000 - 0x728af000 	C:\WINDOWS\SYSTEM32\IPHLPAPI.DLL
0x76ee0000 - 0x76ee7000 	C:\WINDOWS\System32\NSI.dll
0x6bf60000 - 0x6bf73000 	C:\WINDOWS\SYSTEM32\dhcpcsvc6.DLL
0x703e0000 - 0x703f4000 	C:\WINDOWS\SYSTEM32\dhcpcsvc.DLL
0x5a0d0000 - 0x5a0df000 	F:\jdk\jre\bin\nio.dll
0x70330000 - 0x70341000 	C:\WINDOWS\system32\napinsp.dll
0x70310000 - 0x70326000 	C:\WINDOWS\system32\pnrpnsp.dll
0x702f0000 - 0x70303000 	C:\WINDOWS\system32\NLAapi.dll
0x72aa0000 - 0x72b1f000 	C:\WINDOWS\SYSTEM32\DNSAPI.dll
0x702e0000 - 0x702eb000 	C:\WINDOWS\System32\winrnr.dll
0x702d0000 - 0x702e0000 	C:\WINDOWS\System32\wshbth.dll
0x702c0000 - 0x702c8000 	C:\Windows\System32\rasadhlp.dll
0x70270000 - 0x702ba000 	C:\WINDOWS\System32\fwpuclnt.dll
0x5a0c0000 - 0x5a0ca000 	F:\jdk\jre\bin\management.dll
0x72940000 - 0x72a9d000 	C:\WINDOWS\SYSTEM32\dbghelp.dll

VM Arguments:
jvm_args: -javaagent:F:\idea\IntelliJ IDEA 2017.3.1\lib\idea_rt.jar=54190:F:\idea\IntelliJ IDEA 2017.3.1\bin -Dfile.encoding=UTF-8 
java_command: server.Start.start
java_class_path (initial): F:\jdk\jre\lib\charsets.jar;F:\jdk\jre\lib\deploy.jar;F:\jdk\jre\lib\ext\access-bridge-32.jar;F:\jdk\jre\lib\ext\cldrdata.jar;F:\jdk\jre\lib\ext\dnsns.jar;F:\jdk\jre\lib\ext\jaccess.jar;F:\jdk\jre\lib\ext\jfxrt.jar;F:\jdk\jre\lib\ext\localedata.jar;F:\jdk\jre\lib\ext\nashorn.jar;F:\jdk\jre\lib\ext\sunec.jar;F:\jdk\jre\lib\ext\sunjce_provider.jar;F:\jdk\jre\lib\ext\sunmscapi.jar;F:\jdk\jre\lib\ext\sunpkcs11.jar;F:\jdk\jre\lib\ext\zipfs.jar;F:\jdk\jre\lib\javaws.jar;F:\jdk\jre\lib\jce.jar;F:\jdk\jre\lib\jfr.jar;F:\jdk\jre\lib\jfxswt.jar;F:\jdk\jre\lib\jsse.jar;F:\jdk\jre\lib\management-agent.jar;F:\jdk\jre\lib\plugin.jar;F:\jdk\jre\lib\resources.jar;F:\jdk\jre\lib\rt.jar;G:\desktop\javacode\ERP\ERPsoftware\target\classes;G:\desktop\javacode\ERP\ERPsoftware\lib\dom4j-1.6.1.jar;G:\desktop\javacode\ERP\ERPsoftware\lib\jboss-transaction-api_1.2_spec-1.0.1.Final.jar;G:\desktop\javacode\ERP\ERPsoftware\lib\jandex-2.0.3.Final.jar;G:\desktop\javacode\ERP\ERPsoftware\lib\hibernate-core-5.2.11.Final.jar;G:\desktop\javacode\ERP\ERPsoftware\lib\javassist-3.20.0-GA.jar;G:\desktop\javacode\ERP\ERPsoftware\lib\classmate-1.3.0.jar;G:\desktop\javacode\ERP\ERPsoftware\lib\hibernate-jpa-2.1-api-1.0.0.Final.jar;G:\desktop\javacode\ERP\ERPsoftware\lib\hibernate-commons-annotations-5.0.1.Final.jar;G:\desktop\javacode\ERP\ERPsoftware\lib\jboss-logging-3.3.0.Final.jar;G:\desktop\javacode\ERP\ERPsoftware\lib\antlr-2.7.7.jar;G:\desktop\javacode\ERP\ERPsoftware\lib\ojdbc6.jar;C:\Users\somnus\.m2\repository\com\oracle\ojdbc6\11.2.0.1.0\ojdbc6-11.2.0.1.0.jar;C:\Users\somnus\.m2\repository\com\sun\xml\bind\jaxb-impl\2.2.11\jaxb-impl-2.2.11.jar;C:\Users\somnus\.m2\repository\javax\xml\bind\jaxb-api\2.2.12\jaxb-api-2.2.12.jar;C:\Users\somnus\.m2\repository\com\sun\xml\bind\jaxb-core\2.2.11\jaxb-core-2.2.11.jar;C:\Users\somnus\.m2\repository\javax\servlet\javax.servlet-api\3.1.0\javax.servlet-api-3.1.0.jar;C:\Users\somnus\.m2\repository\taglibs\standard\1.1.2\standard-1.1
Launcher Type: SUN_STANDARD

Environment Variables:
JAVA_HOME=F:\jdk
CLASSPATH=. ;%JAVA_HOME%\lib\dt.jar;%JAVA_HOME%\lib\tools.jar;
PATH=F:\anaconda;F:\anaconda\Library\mingw-w64\bin;F:\anaconda\Library\usr\bin;F:\anaconda\Library\bin;F:\anaconda\Scripts;C:\ProgramData\Oracle\Java\javapath;F:\python\Scripts\;F:\python\;F:\app\somnus\product\11.2.0\dbhome_1\bin;%JAVA_HOME%\bin;%JAVA_HOME%\jre\bin;C:\WINDOWS\system32;C:\WINDOWS;C:\WINDOWS\System32\Wbem;C:\WINDOWS\System32\WindowsPowerShell\v1.0\;C:\Program Files (x86)\Windows Kits\8.1\Windows Performance Toolkit\;C:\Program Files\Microsoft SQL Server\110\Tools\Binn\;C:\Program Files (x86)\Microsoft SDKs\TypeScript\1.0\;C:\Program Files\Microsoft SQL Server\120\Tools\Binn\;f:\python;F:\mingw\bin;F:\maven\apache-maven-3.3.9\bin;F:\jdk\bin;F:\jdk\jre\bin;C:\Users\somnus\AppData\Local\atom\bin;C:\Users\somnus\AppData\Local\Microsoft\WindowsApps;
USERNAME=somnus
OS=Windows_NT
PROCESSOR_IDENTIFIER=Intel64 Family 6 Model 61 Stepping 4, GenuineIntel



---------------  S Y S T E M  ---------------

OS: Windows 10.0 , 64 bit Build 15063 (10.0.15063.296)

CPU:total 4 (initial active 4) (2 cores per cpu, 2 threads per core) family 6 model 61 stepping 4, cmov, cx8, fxsr, mmx, sse, sse2, sse3, ssse3, sse4.1, sse4.2, popcnt, avx, avx2, aes, clmul, erms, 3dnowpref, lzcnt, ht, tsc, tscinvbit, bmi1, bmi2, adx

Memory: 4k page, physical 4091764k(534376k free), swap 9976540k(1584520k free)

vm_info: Java HotSpot(TM) Client VM (25.151-b12) for windows-x86 JRE (1.8.0_151-b12), built on Sep  5 2017 19:31:49 by "java_re" with MS VC++ 10.0 (VS2010)

time: Mon Jan 08 20:45:05 2018
elapsed time: 33829 seconds (0d 9h 23m 49s)

